<?xml version="1.0" encoding="utf-8"?><testsuites name="pytest tests"><testsuite name="pytest" errors="0" failures="0" skipped="0" tests="9" time="3.153" timestamp="2026-03-04T14:21:31.934605+00:00" hostname="agent-env-3edeb274-8eb0-4f04-b735-88416454c90a"><testcase classname="backend.tests.test_refboard.TestHealth" name="test_health_returns_ok" time="0.291" /><testcase classname="backend.tests.test_refboard.TestHealth" name="test_health_has_gemini_field" time="0.162" /><testcase classname="backend.tests.test_refboard.TestFetchOG" name="test_fetch_og_valid_url" time="0.353" /><testcase classname="backend.tests.test_refboard.TestFetchOG" name="test_fetch_og_returns_image_field" time="0.257" /><testcase classname="backend.tests.test_refboard.TestFetchOG" name="test_fetch_og_type_field_valid" time="0.292" /><testcase classname="backend.tests.test_refboard.TestFetchOG" name="test_fetch_og_youtube_type_reel" time="0.977" /><testcase classname="backend.tests.test_refboard.TestAIAutofill" name="test_ai_autofill_returns_200" time="0.277" /><testcase classname="backend.tests.test_refboard.TestAIAutofill" name="test_ai_autofill_has_required_fields" time="0.166" /><testcase classname="backend.tests.test_refboard.TestAIAutofill" name="test_ai_autofill_content_type_valid" time="0.301" /></testsuite></testsuites>